<?xml version="1.0" encoding="UTF-8"?>
<testng-results ignored="0" total="2" passed="2" failed="0" skipped="0">
  <reporter-output>
  </reporter-output>
  <suite started-at="2022-05-20T15:04:00 IST" name="Suite" finished-at="2022-05-20T15:05:14 IST" duration-ms="73973">
    <groups>
    </groups>
    <test started-at="2022-05-20T15:04:00 IST" name="Test" finished-at="2022-05-20T15:05:14 IST" duration-ms="73973">
      <class name="com.FirstTestNG.org.TestNG_One.logins">
        <test-method signature="login()[pri:0, instance:com.FirstTestNG.org.TestNG_One.logins@5b239d7d]" started-at="2022-05-20T15:04:00 IST" name="login" finished-at="2022-05-20T15:04:11 IST" duration-ms="11664" status="PASS">
          <reporter-output>
          </reporter-output>
        </test-method> <!-- login -->
      </class> <!-- com.FirstTestNG.org.TestNG_One.logins -->
      <class name="com.FirstTestNG.org.TestNG_One.InstaId">
        <test-method signature="loginID()[pri:0, instance:com.FirstTestNG.org.TestNG_One.InstaId@6ae5aa72]" started-at="2022-05-20T15:04:00 IST" name="loginID" finished-at="2022-05-20T15:05:14 IST" duration-ms="73929" status="PASS">
          <reporter-output>
          </reporter-output>
        </test-method> <!-- loginID -->
      </class> <!-- com.FirstTestNG.org.TestNG_One.InstaId -->
    </test> <!-- Test -->
  </suite> <!-- Suite -->
</testng-results>
